{
  "RSpec": {
    "coverage": {
      "/Users/ian/Documents/Projects/weekly_challenges/week_10_bank/bank/spec/account_spec.rb": {
        "lines": [
          1,
          null,
          1,
          null,
          8,
          3,
          2,
          3,
          2,
          3,
          2,
          null,
          1,
          1,
          2,
          null,
          null,
          1,
          1,
          1,
          null,
          null,
          1,
          1,
          null,
          null,
          null,
          1,
          1,
          2,
          null,
          null,
          1,
          1,
          1,
          1,
          null,
          null,
          1,
          1,
          1,
          null,
          null,
          null,
          1,
          1,
          1,
          1,
          null,
          null,
          null,
          null
        ]
      },
      "/Users/ian/Documents/Projects/weekly_challenges/week_10_bank/bank/lib/account.rb": {
        "lines": [
          1,
          null,
          1,
          null,
          1,
          null,
          1,
          7,
          7,
          null,
          null,
          1,
          6,
          1,
          null,
          5,
          5,
          5,
          null,
          null,
          1,
          3,
          null,
          2,
          2,
          2,
          null,
          null,
          1,
          3,
          null,
          null,
          1,
          1,
          null,
          null,
          1,
          null,
          1,
          5,
          null,
          null,
          1,
          2,
          null,
          null,
          1,
          14,
          null,
          null,
          1,
          7,
          null,
          null,
          1,
          21,
          null,
          null,
          null
        ]
      },
      "/Users/ian/Documents/Projects/weekly_challenges/week_10_bank/bank/lib/print_bank_statement.rb": {
        "lines": [
          1,
          null,
          1,
          1,
          null,
          null,
          1,
          1,
          1,
          2,
          null,
          null,
          null,
          null
        ]
      },
      "/Users/ian/Documents/Projects/weekly_challenges/week_10_bank/bank/spec/print_bank_statement_spec.rb": {
        "lines": [
          1,
          null,
          1,
          null,
          2,
          1,
          2,
          2,
          2,
          null,
          1,
          1,
          2,
          null,
          null,
          null,
          null
        ]
      },
      "/Users/ian/Documents/Projects/weekly_challenges/week_10_bank/bank/spec/transaction_spec.rb": {
        "lines": [
          1,
          null,
          1,
          null,
          3,
          null,
          null,
          3,
          2,
          2,
          2,
          2,
          null,
          null,
          null,
          null,
          1,
          1,
          null,
          1,
          null,
          null,
          null,
          1,
          1,
          null,
          1,
          null,
          null,
          null,
          null
        ]
      },
      "/Users/ian/Documents/Projects/weekly_challenges/week_10_bank/bank/lib/transaction.rb": {
        "lines": [
          1,
          null,
          null,
          null,
          null,
          null,
          1,
          1,
          null,
          null,
          null,
          1,
          1,
          null,
          null,
          null,
          null,
          null,
          null,
          1,
          null,
          null,
          null,
          null,
          null,
          null,
          null,
          null,
          null,
          null,
          null,
          null,
          null,
          null,
          1,
          null,
          1,
          2,
          null,
          null,
          1,
          2,
          null,
          null,
          null
        ]
      }
    },
    "timestamp": 1633014852
  }
}
